[Licensing::Module] Trying to connect to existing licensing client channel...
Built from '6000.3/staging' branch; Version is '6000.3.12f1 (fca03ac9b0d5) revision 16556090'; Using compiler version '194234433'; Build Type 'Release'
[Licensing::IpcConnector] Successfully connected to: "LicenseClient-neverbest" at "2026-04-22T14:19:21.0279632Z"
OS: 'Windows 11  (10.0.26200) Professional' Language: 'tr' Physical Memory: 16206 MB
BatchMode: 1, IsHumanControllingUs: 0, StartBugReporterOnCrash: 0, Is64bit: 1
System  architecture: x64
Process architecture: x64
Date: 2026-04-22T14:19:21Z

COMMAND LINE ARGUMENTS:
C:\Program Files\Unity\Hub\Editor\6000.3.12f1\Editor\Unity.exe
-batchmode
-quit
-projectPath
C:\Users\freed\Documents\New project
-executeMethod
WordSpinAlpha.Editor.WordSpinAlphaSceneBuilder.RebuildLevelHubPreviewScene
-logFile
C:\Users\freed\Documents\New project\unity_rebuild_post_patch.log
Successfully changed project path to: C:\Users\freed\Documents\New project
C:/Users/freed/Documents/New project
Exiting without the bug reporter. Application will terminate with return code 1